<?xml version="1.0" encoding="UTF-8"?>
<!-- Generated by org.testng.reporters.JUnitXMLReporter -->
<testsuite ignored="0" hostname="DESKTOP-4741PMD" failures="0" tests="4" name="All Test" time="282.23" errors="0" timestamp="2021-07-05T22:15:24 WIB">
  <testcase classname="menuUsers.AddUserBulk" name="loginAdmin" time="19.238"/>
  <testcase classname="menuUsers.AddUserBulk" name="createUser" time="82.778"/>
  <testcase classname="menuKategoriAndProduct.AddKategoriAndProductBulk" name="loginAdmin" time="2.651"/>
  <testcase classname="menuKategoriAndProduct.AddKategoriAndProductBulk" name="addKategoriproduct" time="163.31"/>
</testsuite> <!-- All Test -->
