<?xml version="1.0" encoding="UTF-8"?>
<!-- Generated by org.testng.reporters.JUnitXMLReporter -->
<testsuite hostname="DESKTOP-4741PMD" ignored="0" name="test menu user" tests="4" failures="0" timestamp="2021-07-16T22:09:45 ICT" time="136.064" errors="0">
  <testcase name="loginAdmin" time="21.564" classname="menuUsers.AddUsers"/>
  <testcase name="createUser" time="9.807" classname="menuUsers.AddUsers"/>
  <testcase name="loginAdmin" time="6.181" classname="menuUsers.AddUserBulk"/>
  <testcase name="createUser" time="80.79" classname="menuUsers.AddUserBulk"/>
</testsuite> <!-- test menu user -->
