<?xml version="1.0" encoding="UTF-8"?>
<!-- Generated by org.testng.reporters.JUnitXMLReporter -->
<testsuite ignored="0" hostname="DESKTOP-4741PMD" failures="0" tests="2" name="Default test" time="28.623" errors="0" timestamp="2021-07-09T13:40:22 WIB">
  <testcase classname="menuKategoriAndProduct.AddKategoriAndProductSingle" name="loginAdmin" time="2.813"/>
  <testcase classname="menuKategoriAndProduct.AddKategoriAndProductSingle" name="addKategoriproduct" time="20.446"/>
</testsuite> <!-- Default test -->
