<?xml version="1.0" encoding="UTF-8"?>
<!-- Generated by org.testng.reporters.JUnitXMLReporter -->
<testsuite hostname="DESKTOP-4741PMD" ignored="0" name="test menu produk keluar" tests="2" failures="2" timestamp="2021-07-15T23:15:32 ICT" time="4.097" errors="0">
  <testcase name="login" time="0.001" classname="androidEmulator.ProductOutgoing">
    <failure type="java.lang.NullPointerException">
      <![CDATA[java.lang.NullPointerException
at androidEmulator.ProductOutgoing.login(ProductOutgoing.java:113)
at java.util.ArrayList.forEach(ArrayList.java:1259)
... Removed 32 stack frames]]>
    </failure>
  </testcase> <!-- login -->
  <testcase name="outgoing" time="2.001" classname="androidEmulator.ProductOutgoing">
    <failure type="java.lang.NullPointerException">
      <![CDATA[java.lang.NullPointerException
at androidEmulator.ProductOutgoing.outgoing(ProductOutgoing.java:177)
at java.util.ArrayList.forEach(ArrayList.java:1259)
... Removed 32 stack frames]]>
    </failure>
  </testcase> <!-- outgoing -->
</testsuite> <!-- test menu produk keluar -->
