<?xml version="1.0" encoding="UTF-8"?>
<testng-results ignored="0" total="2" passed="2" failed="0" skipped="0">
  <reporter-output>
  </reporter-output>
  <suite started-at="2021-07-09T13:39:53 WIB" name="Default suite" finished-at="2021-07-09T13:40:22 WIB" duration-ms="28623">
    <groups>
    </groups>
    <test started-at="2021-07-09T13:39:53 WIB" name="Default test" finished-at="2021-07-09T13:40:22 WIB" duration-ms="28623">
      <class name="menuKategoriAndProduct.AddKategoriAndProductSingle">
        <test-method is-config="true" signature="setupstart()[pri:0, instance:menuKategoriAndProduct.AddKategoriAndProductSingle@71f8d094]" started-at="2021-07-09T13:39:53 WIB" name="setupstart" finished-at="2021-07-09T13:39:59 WIB" duration-ms="5267" status="PASS">
          <reporter-output>
          </reporter-output>
        </test-method> <!-- setupstart -->
        <test-method signature="loginAdmin()[pri:1, instance:menuKategoriAndProduct.AddKategoriAndProductSingle@71f8d094]" started-at="2021-07-09T13:39:59 WIB" name="loginAdmin" finished-at="2021-07-09T13:40:01 WIB" duration-ms="2813" status="PASS">
          <reporter-output>
          </reporter-output>
        </test-method> <!-- loginAdmin -->
        <test-method signature="addKategoriproduct()[pri:2, instance:menuKategoriAndProduct.AddKategoriAndProductSingle@71f8d094]" started-at="2021-07-09T13:40:01 WIB" name="addKategoriproduct" finished-at="2021-07-09T13:40:22 WIB" duration-ms="20446" status="PASS">
          <reporter-output>
          </reporter-output>
        </test-method> <!-- addKategoriproduct -->
        <test-method is-config="true" signature="finishing()[pri:0, instance:menuKategoriAndProduct.AddKategoriAndProductSingle@71f8d094]" started-at="2021-07-09T13:40:22 WIB" name="finishing" finished-at="2021-07-09T13:40:22 WIB" duration-ms="70" status="PASS">
          <reporter-output>
          </reporter-output>
        </test-method> <!-- finishing -->
      </class> <!-- menuKategoriAndProduct.AddKategoriAndProductSingle -->
    </test> <!-- Default test -->
  </suite> <!-- Default suite -->
</testng-results>
