<?xml version="1.0" encoding="UTF-8"?>
<testng-results ignored="0" total="2" passed="2" failed="0" skipped="0">
  <reporter-output>
  </reporter-output>
  <suite started-at="2021-07-16T20:43:13 WIB" name="Default suite" finished-at="2021-07-16T20:43:53 WIB" duration-ms="39377">
    <groups>
    </groups>
    <test started-at="2021-07-16T20:43:13 WIB" name="Default test" finished-at="2021-07-16T20:43:53 WIB" duration-ms="39377">
      <class name="androidEmulator.ProductOutgoing">
        <test-method is-config="true" signature="setup()[pri:0, instance:androidEmulator.ProductOutgoing@69596a73]" started-at="2021-07-16T20:43:13 WIB" name="setup" finished-at="2021-07-16T20:43:22 WIB" duration-ms="8462" status="PASS">
          <reporter-output>
          </reporter-output>
        </test-method> <!-- setup -->
        <test-method signature="login()[pri:1, instance:androidEmulator.ProductOutgoing@69596a73]" started-at="2021-07-16T20:43:22 WIB" name="login" finished-at="2021-07-16T20:43:27 WIB" duration-ms="5348" status="PASS">
          <reporter-output>
          </reporter-output>
        </test-method> <!-- login -->
        <test-method signature="outgoing()[pri:2, instance:androidEmulator.ProductOutgoing@69596a73]" started-at="2021-07-16T20:43:27 WIB" name="outgoing" finished-at="2021-07-16T20:43:52 WIB" duration-ms="25170" status="PASS">
          <reporter-output>
          </reporter-output>
        </test-method> <!-- outgoing -->
        <test-method is-config="true" signature="teardown()[pri:0, instance:androidEmulator.ProductOutgoing@69596a73]" started-at="2021-07-16T20:43:52 WIB" name="teardown" finished-at="2021-07-16T20:43:53 WIB" duration-ms="367" status="PASS">
          <reporter-output>
          </reporter-output>
        </test-method> <!-- teardown -->
      </class> <!-- androidEmulator.ProductOutgoing -->
    </test> <!-- Default test -->
  </suite> <!-- Default suite -->
</testng-results>
