<?xml version="1.0" encoding="UTF-8"?>
<!-- Generated by org.testng.reporters.JUnitXMLReporter -->
<testsuite hostname="DESKTOP-4741PMD" ignored="0" name="Test3" tests="2" failures="0" timestamp="2021-07-17T00:18:17 ICT" time="25.766" errors="0">
  <testcase name="loginAdmin" time="3.159" classname="menuKategoriAndProduct.AddKategoriAndProductSingle"/>
  <testcase name="addKategoriproduct" time="18.192" classname="menuKategoriAndProduct.AddKategoriAndProductSingle"/>
</testsuite> <!-- Test3 -->
