<?xml version="1.0" encoding="UTF-8"?>
<!-- Generated by org.testng.reporters.JUnitXMLReporter -->
<testsuite hostname="DESKTOP-4741PMD" ignored="0" name="Testing Add Kategori dan Produk Dgn Data Driven" tests="2" failures="0" timestamp="2021-07-17T19:29:59 ICT" time="187.895" errors="0">
  <testcase name="loginAdmin" time="2.239" classname="menuKategoriAndProduct.AddKategoriAndProductBulk"/>
  <testcase name="addKategoriproduct" time="181.325" classname="menuKategoriAndProduct.AddKategoriAndProductBulk"/>
</testsuite> <!-- Testing Add Kategori dan Produk Dgn Data Driven -->
