<?xml version="1.0" encoding="UTF-8"?>
<!-- Generated by org.testng.reporters.JUnitXMLReporter -->
<testsuite hostname="DESKTOP-4741PMD" ignored="0" name="Testing Add Kategori dan Produk" tests="2" failures="0" timestamp="2021-07-17T19:26:52 ICT" time="23.81" errors="0">
  <testcase name="loginAdmin" time="2.392" classname="menuKategoriAndProduct.AddKategoriAndProductSingle"/>
  <testcase name="addKategoriproduct" time="16.406" classname="menuKategoriAndProduct.AddKategoriAndProductSingle"/>
</testsuite> <!-- Testing Add Kategori dan Produk -->
