<?xml version="1.0" encoding="UTF-8"?>
<!-- Generated by org.testng.reporters.JUnitXMLReporter -->
<testsuite hostname="DESKTOP-4741PMD" ignored="0" name="Testing Mobile Browser Dgn Appium" tests="2" failures="0" timestamp="2021-07-17T19:31:03 ICT" time="63.476" errors="0">
  <testcase name="login" time="20.09" classname="androidEmulator.ProductOutgoing"/>
  <testcase name="outgoing" time="33.854" classname="androidEmulator.ProductOutgoing"/>
</testsuite> <!-- Testing Mobile Browser Dgn Appium -->
